0 info it worked if it ends with ok
1 verbose cli [ 'C:\\Program Files\\nodejs\\node.exe',
1 verbose cli   'C:\\Users\\SAMSUNG\\AppData\\Roaming\\npm\\node_modules\\npm\\bin\\npm-cli.js',
1 verbose cli   'run',
1 verbose cli   'build' ]
2 info using npm@4.1.1
3 info using node@v7.4.0
4 verbose run-script [ 'prebuild', 'build', 'postbuild' ]
5 info lifecycle webpack-dev@1.0.0~prebuild: webpack-dev@1.0.0
6 silly lifecycle webpack-dev@1.0.0~prebuild: no script for prebuild, continuing
7 info lifecycle webpack-dev@1.0.0~build: webpack-dev@1.0.0
8 verbose lifecycle webpack-dev@1.0.0~build: unsafe-perm in lifecycle true
9 verbose lifecycle webpack-dev@1.0.0~build: PATH: C:\Users\SAMSUNG\AppData\Roaming\npm\node_modules\npm\bin\node-gyp-bin;E:\Tettu\projects\merge-jsons-webpack-plugin\example\node_modules\.bin;C:\ProgramData\Oracle\Java\javapath;C:\Program Files\Common Files\Microsoft Shared\Windows Live;C:\Program Files (x86)\Common Files\Microsoft Shared\Windows Live;C:\Program Files (x86)\AMD APP\bin\x86_64;C:\Program Files (x86)\AMD APP\bin\x86;C:\WINDOWS\system32;C:\WINDOWS;C:\WINDOWS\System32\Wbem;C:\WINDOWS\System32\WindowsPowerShell\v1.0\;C:\Program Files (x86)\ATI Technologies\ATI.ACE\Core-Static;C:\Program Files\Intel\WiFi\bin\;C:\Program Files\Common Files\Intel\WirelessCommon\;C:\Program Files\Diskeeper Corporation\ExpressCache\;C:\Program Files (x86)\Windows Live\Shared;C:\Program Files (x86)\Heroku\bin;C:\Program Files (x86)\git\cmd;C:\WINDOWS\system32\config\systemprofile\.dnx\bin;C:\Program Files\Microsoft DNX\Dnvm\;C:\Program Files\Microsoft SQL Server\130\Tools\Bin\;C:\Program Files (x86)\MySQL\MySQL Fabric 1.5 ^& MySQL Utilities 1.5\;C:\Program Files (x86)\MySQL\MySQL Fabric 1.5 ^& MySQL Utilities 1.5\Doctrine extensions for PHP\;C:\ProgramData\ComposerSetup\bin;C:\Program Files\nodejs\;C:\Program Files (x86)\Skype\Phone\;C:\ProgramData\chocolatey\bin;C:\Program Files\Java\jdk1.8.0_131\bin;C:\Android\android-sdk\tools;C:\Android\android-sdk\platform-tools;C:\Go\bin;C:\Program Files\Git\cmd;C:\Program Files (x86)\Yarn\bin;E:\Tettu\php7;C:\Users\SAMSUNG\AppData\Roaming\Composer\vendor\bin;C:\Users\SAMSUNG\AppData\Local\Microsoft\WindowsApps;C:\Users\SAMSUNG\AppData\Roaming\npm;C:\Users\SAMSUNG\AppData\Local\Google\Cloud SDK\google-cloud-sdk\bin;%GORROT%\bin;E:\Tettu\untitled\openshift-origin-client-tools-v1.5.1-7b451fc-windows;C:\Program Files\Docker Toolbox;E:\Tettu\projects\goprojects\bin;C:\Program Files\Microsoft VS Code\bin;C:\Users\SAMSUNG\AppData\Local\Programs\Fiddler;E:\Tettu\python364;E:\Tettu\python364\Scripts;C:\Users\SAMSUNG\AppData\Local\Yarn\bin
10 verbose lifecycle webpack-dev@1.0.0~build: CWD: E:\Tettu\projects\merge-jsons-webpack-plugin\example
11 silly lifecycle webpack-dev@1.0.0~build: Args: [ '/d /s /c', 'webpack' ]
12 silly lifecycle webpack-dev@1.0.0~build: Returned: code: 1  signal: null
13 info lifecycle webpack-dev@1.0.0~build: Failed to exec build script
14 verbose stack Error: webpack-dev@1.0.0 build: `webpack`
14 verbose stack Exit status 1
14 verbose stack     at EventEmitter.<anonymous> (C:\Users\SAMSUNG\AppData\Roaming\npm\node_modules\npm\lib\utils\lifecycle.js:279:16)
14 verbose stack     at emitTwo (events.js:106:13)
14 verbose stack     at EventEmitter.emit (events.js:191:7)
14 verbose stack     at ChildProcess.<anonymous> (C:\Users\SAMSUNG\AppData\Roaming\npm\node_modules\npm\lib\utils\spawn.js:40:14)
14 verbose stack     at emitTwo (events.js:106:13)
14 verbose stack     at ChildProcess.emit (events.js:191:7)
14 verbose stack     at maybeClose (internal/child_process.js:885:16)
14 verbose stack     at Process.ChildProcess._handle.onexit (internal/child_process.js:226:5)
15 verbose pkgid webpack-dev@1.0.0
16 verbose cwd E:\Tettu\projects\merge-jsons-webpack-plugin\example
17 error Windows_NT 10.0.15063
18 error argv "C:\\Program Files\\nodejs\\node.exe" "C:\\Users\\SAMSUNG\\AppData\\Roaming\\npm\\node_modules\\npm\\bin\\npm-cli.js" "run" "build"
19 error node v7.4.0
20 error npm  v4.1.1
21 error code ELIFECYCLE
22 error webpack-dev@1.0.0 build: `webpack`
22 error Exit status 1
23 error Failed at the webpack-dev@1.0.0 build script 'webpack'.
23 error Make sure you have the latest version of node.js and npm installed.
23 error If you do, this is most likely a problem with the webpack-dev package,
23 error not with npm itself.
23 error Tell the author that this fails on your system:
23 error     webpack
23 error You can get information on how to open an issue for this project with:
23 error     npm bugs webpack-dev
23 error Or if that isn't available, you can get their info via:
23 error     npm owner ls webpack-dev
23 error There is likely additional logging output above.
24 verbose exit [ 1, true ]
